<?xml version="1.0" encoding="UTF-8"?>
<!-- Generated by org.testng.reporters.JUnitXMLReporter -->
<testsuite ignored="2" hostname="LIN-5C99KN3" failures="0" tests="1" name="Default test" time="30.985" errors="0" timestamp="2024-07-17T17:15:47 IST">
  <testcase classname="com.creditcards.testcases.TC_HomePage" name="verifyingHomePage_RewardsCardsActions" time="21.366"/>
  <testcase classname="com.creditcards.testcases.TC_HomePage" name="verifyingHomePage_BusinessCardsActions" time="0.0">
    <ignored/>
  </testcase> <!-- verifyingHomePage_BusinessCardsActions -->
  <testcase classname="com.creditcards.testcases.TC_HomePage" name="verifyingHomePage_TravelCardsActions" time="0.0">
    <ignored/>
  </testcase> <!-- verifyingHomePage_TravelCardsActions -->
</testsuite> <!-- Default test -->
