<?xml version="1.0" encoding="UTF-8"?>
<!-- Generated by org.testng.reporters.JUnitXMLReporter -->
<testsuite ignored="1" hostname="LIN-5C99KN3" failures="0" tests="2" name="Test" time="56.25" errors="0" timestamp="2024-07-22T11:24:36 IST">
  <testcase classname="com.creditcards.testcases.TC_HomePage" name="verifyingHomePage_RewardsCardsActions" time="20.975"/>
  <testcase classname="com.creditcards.testcases.TC_HomePage" name="verifyingHomePage_BusinessCardsActions" time="22.554"/>
  <testcase classname="com.creditcards.testcases.TC_HomePage" name="verifyingHomePage_TravelCardsActions" time="0.0">
    <ignored/>
  </testcase> <!-- verifyingHomePage_TravelCardsActions -->
</testsuite> <!-- Test -->
