<?xml version="1.0" encoding="UTF-8"?>
<testng-results ignored="0" total="2" passed="2" failed="0" skipped="0">
  <reporter-output>
  </reporter-output>
  <suite started-at="2024-07-22T11:23:39 IST" name="Suite" finished-at="2024-07-22T11:24:36 IST" duration-ms="56250">
    <groups>
    </groups>
    <test started-at="2024-07-22T11:23:39 IST" name="Test" finished-at="2024-07-22T11:24:36 IST" duration-ms="56250">
      <class name="com.creditcards.testcases.TC_HomePage">
        <test-method is-config="true" signature="setUp()[pri:0, instance:com.creditcards.testcases.TC_HomePage@2f2bf0e2]" started-at="2024-07-22T11:23:40 IST" name="setUp" finished-at="2024-07-22T11:23:52 IST" duration-ms="12503" status="PASS">
          <reporter-output>
          </reporter-output>
        </test-method> <!-- setUp -->
        <test-method signature="verifyingHomePage_RewardsCardsActions()[pri:1, instance:com.creditcards.testcases.TC_HomePage@2f2bf0e2]" started-at="2024-07-22T11:23:52 IST" name="verifyingHomePage_RewardsCardsActions" finished-at="2024-07-22T11:24:13 IST" duration-ms="20975" status="PASS">
          <reporter-output>
          </reporter-output>
        </test-method> <!-- verifyingHomePage_RewardsCardsActions -->
        <test-method signature="verifyingHomePage_BusinessCardsActions()[pri:3, instance:com.creditcards.testcases.TC_HomePage@2f2bf0e2]" started-at="2024-07-22T11:24:13 IST" name="verifyingHomePage_BusinessCardsActions" finished-at="2024-07-22T11:24:36 IST" duration-ms="22554" status="PASS">
          <reporter-output>
          </reporter-output>
        </test-method> <!-- verifyingHomePage_BusinessCardsActions -->
      </class> <!-- com.creditcards.testcases.TC_HomePage -->
    </test> <!-- Test -->
  </suite> <!-- Suite -->
</testng-results>
