<?xml version="1.0" encoding="UTF-8"?>
<testng-results ignored="0" total="1" passed="1" failed="0" skipped="0">
  <reporter-output>
  </reporter-output>
  <suite started-at="2024-07-17T17:15:16 IST" name="Default suite" finished-at="2024-07-17T17:15:47 IST" duration-ms="30985">
    <groups>
    </groups>
    <test started-at="2024-07-17T17:15:16 IST" name="Default test" finished-at="2024-07-17T17:15:47 IST" duration-ms="30985">
      <class name="com.creditcards.testcases.TC_HomePage">
        <test-method is-config="true" signature="setUp()[pri:0, instance:com.creditcards.testcases.TC_HomePage@3bd7f8dc]" started-at="2024-07-17T17:15:16 IST" name="setUp" finished-at="2024-07-17T17:15:26 IST" duration-ms="9593" status="PASS">
          <reporter-output>
          </reporter-output>
        </test-method> <!-- setUp -->
        <test-method signature="verifyingHomePage_RewardsCardsActions()[pri:1, instance:com.creditcards.testcases.TC_HomePage@3bd7f8dc]" started-at="2024-07-17T17:15:26 IST" name="verifyingHomePage_RewardsCardsActions" finished-at="2024-07-17T17:15:47 IST" duration-ms="21366" status="PASS">
          <reporter-output>
          </reporter-output>
        </test-method> <!-- verifyingHomePage_RewardsCardsActions -->
      </class> <!-- com.creditcards.testcases.TC_HomePage -->
    </test> <!-- Default test -->
  </suite> <!-- Default suite -->
</testng-results>
